# JRE version: OpenJDK Runtime Environment (8.0_242) (build 1.8.0_242-release-1644-b3-6222593)
# Java VM: OpenJDK 64-Bit Server VM (25.242-b3-6222593 mixed mode bsd-amd64 compressed oops)
Heap:
 PSYoungGen      total 606720K, used 91109K [0x0000000795580000, 0x00000007c0000000, 0x00000007c0000000)
  eden space 515584K, 0% used [0x0000000795580000,0x0000000795580000,0x00000007b4d00000)
  from space 91136K, 99% used [0x00000007b4d00000,0x00000007ba5f9540,0x00000007ba600000)
  to   space 92160K, 0% used [0x00000007ba600000,0x00000007ba600000,0x00000007c0000000)
 ParOldGen       total 321536K, used 310451K [0x0000000740000000, 0x0000000753a00000, 0x0000000795580000)
  object space 321536K, 96% used [0x0000000740000000,0x0000000752f2cd08,0x0000000753a00000)
 Metaspace       used 101919K, capacity 109778K, committed 109992K, reserved 1144832K
  class space    used 12887K, capacity 14189K, committed 14256K, reserved 1048576K
GC Heap History (10 events):
Event: 11785.599 GC heap after
Heap after GC invocations=89 (full 6):
 PSYoungGen      total 596992K, used 37340K [0x0000000795580000, 0x00000007bf880000, 0x00000007c0000000)
  eden space 500736K, 0% used [0x0000000795580000,0x0000000795580000,0x00000007b3e80000)
  from space 96256K, 38% used [0x00000007b3e80000,0x00000007b62f7198,0x00000007b9c80000)
  to   space 91136K, 0% used [0x00000007b9f80000,0x00000007b9f80000,0x00000007bf880000)
 ParOldGen       total 321536K, used 253832K [0x0000000740000000, 0x0000000753a00000, 0x0000000795580000)
  object space 321536K, 78% used [0x0000000740000000,0x000000074f7e22b8,0x0000000753a00000)
 Metaspace       used 101463K, capacity 109320K, committed 109480K, reserved 1144832K
  class space    used 12875K, capacity 14182K, committed 14256K, reserved 1048576K
}
Event: 12349.126 GC heap before
{Heap before GC invocations=90 (full 6):
 PSYoungGen      total 596992K, used 538076K [0x0000000795580000, 0x00000007bf880000, 0x00000007c0000000)
  eden space 500736K, 100% used [0x0000000795580000,0x00000007b3e80000,0x00000007b3e80000)
  from space 96256K, 38% used [0x00000007b3e80000,0x00000007b62f7198,0x00000007b9c80000)
  to   space 91136K, 0% used [0x00000007b9f80000,0x00000007b9f80000,0x00000007bf880000)
 ParOldGen       total 321536K, used 253832K [0x0000000740000000, 0x0000000753a00000, 0x0000000795580000)
  object space 321536K, 78% used [0x0000000740000000,0x000000074f7e22b8,0x0000000753a00000)
 Metaspace       used 101581K, capacity 109420K, committed 109736K, reserved 1144832K
  class space    used 12879K, capacity 14186K, committed 14256K, reserved 1048576K
Event: 12349.816 GC heap after
Heap after GC invocations=90 (full 6):
 PSYoungGen      total 601088K, used 45714K [0x0000000795580000, 0x00000007bf800000, 0x00000007c0000000)
  eden space 510464K, 0% used [0x0000000795580000,0x0000000795580000,0x00000007b4800000)
  from space 90624K, 50% used [0x00000007b9f80000,0x00000007bcc24898,0x00000007bf800000)
  to   space 89600K, 0% used [0x00000007b4800000,0x00000007b4800000,0x00000007b9f80000)
 ParOldGen       total 321536K, used 253832K [0x0000000740000000, 0x0000000753a00000, 0x0000000795580000)
  object space 321536K, 78% used [0x0000000740000000,0x000000074f7e22b8,0x0000000753a00000)
 Metaspace       used 101581K, capacity 109420K, committed 109736K, reserved 1144832K
  class space    used 12879K, capacity 14186K, committed 14256K, reserved 1048576K
}
Event: 12706.751 GC heap before
{Heap before GC invocations=91 (full 6):
 PSYoungGen      total 601088K, used 556178K [0x0000000795580000, 0x00000007bf800000, 0x00000007c0000000)
  eden space 510464K, 100% used [0x0000000795580000,0x00000007b4800000,0x00000007b4800000)
  from space 90624K, 50% used [0x00000007b9f80000,0x00000007bcc24898,0x00000007bf800000)
  to   space 89600K, 0% used [0x00000007b4800000,0x00000007b4800000,0x00000007b9f80000)
 ParOldGen       total 321536K, used 253832K [0x0000000740000000, 0x0000000753a00000, 0x0000000795580000)
  object space 321536K, 78% used [0x0000000740000000,0x000000074f7e22b8,0x0000000753a00000)
 Metaspace       used 101673K, capacity 109490K, committed 109736K, reserved 1144832K
  class space    used 12885K, capacity 14187K, committed 14256K, reserved 1048576K
Event: 12707.751 GC heap after
Heap after GC invocations=91 (full 6):
 PSYoungGen      total 600064K, used 46645K [0x0000000795580000, 0x00000007bfc00000, 0x00000007c0000000)
  eden space 510464K, 0% used [0x0000000795580000,0x0000000795580000,0x00000007b4800000)
  from space 89600K, 52% used [0x00000007b4800000,0x00000007b758d720,0x00000007b9f80000)
  to   space 88064K, 0% used [0x00000007ba600000,0x00000007ba600000,0x00000007bfc00000)
 ParOldGen       total 321536K, used 253840K [0x0000000740000000, 0x0000000753a00000, 0x0000000795580000)
  object space 321536K, 78% used [0x0000000740000000,0x000000074f7e42b8,0x0000000753a00000)
 Metaspace       used 101673K, capacity 109490K, committed 109736K, reserved 1144832K
  class space    used 12885K, capacity 14187K, committed 14256K, reserved 1048576K
}
Event: 12840.841 GC heap before
{Heap before GC invocations=92 (full 6):
 PSYoungGen      total 600064K, used 557109K [0x0000000795580000, 0x00000007bfc00000, 0x00000007c0000000)
  eden space 510464K, 100% used [0x0000000795580000,0x00000007b4800000,0x00000007b4800000)
  from space 89600K, 52% used [0x00000007b4800000,0x00000007b758d720,0x00000007b9f80000)
  to   space 88064K, 0% used [0x00000007ba600000,0x00000007ba600000,0x00000007bfc00000)
 ParOldGen       total 321536K, used 253840K [0x0000000740000000, 0x0000000753a00000, 0x0000000795580000)
  object space 321536K, 78% used [0x0000000740000000,0x000000074f7e42b8,0x0000000753a00000)
 Metaspace       used 101851K, capacity 109698K, committed 109992K, reserved 1144832K
  class space    used 12887K, capacity 14189K, committed 14256K, reserved 1048576K
Event: 12842.655 GC heap after
Heap after GC invocations=92 (full 6):
 PSYoungGen      total 603648K, used 59286K [0x0000000795580000, 0x00000007c0000000, 0x00000007c0000000)
  eden space 515584K, 0% used [0x0000000795580000,0x0000000795580000,0x00000007b4d00000)
  from space 88064K, 67% used [0x00000007ba600000,0x00000007bdfe5b68,0x00000007bfc00000)
  to   space 91136K, 0% used [0x00000007b4d00000,0x00000007b4d00000,0x00000007ba600000)
 ParOldGen       total 321536K, used 253840K [0x0000000740000000, 0x0000000753a00000, 0x0000000795580000)
  object space 321536K, 78% used [0x0000000740000000,0x000000074f7e42b8,0x0000000753a00000)
 Metaspace       used 101851K, capacity 109698K, committed 109992K, reserved 1144832K
  class space    used 12887K, capacity 14189K, committed 14256K, reserved 1048576K
}
Event: 12845.501 GC heap before
{Heap before GC invocations=93 (full 6):
 PSYoungGen      total 603648K, used 574870K [0x0000000795580000, 0x00000007c0000000, 0x00000007c0000000)
  eden space 515584K, 100% used [0x0000000795580000,0x00000007b4d00000,0x00000007b4d00000)
  from space 88064K, 67% used [0x00000007ba600000,0x00000007bdfe5b68,0x00000007bfc00000)
  to   space 91136K, 0% used [0x00000007b4d00000,0x00000007b4d00000,0x00000007ba600000)
 ParOldGen       total 321536K, used 253840K [0x0000000740000000, 0x0000000753a00000, 0x0000000795580000)
  object space 321536K, 78% used [0x0000000740000000,0x000000074f7e42b8,0x0000000753a00000)
 Metaspace       used 101919K, capacity 109778K, committed 109992K, reserved 1144832K
  class space    used 12887K, capacity 14189K, committed 14256K, reserved 1048576K
Event: 12847.559 GC heap after
Heap after GC invocations=93 (full 6):
 PSYoungGen      total 606720K, used 91109K [0x0000000795580000, 0x00000007c0000000, 0x00000007c0000000)
  eden space 515584K, 0% used [0x0000000795580000,0x0000000795580000,0x00000007b4d00000)
  from space 91136K, 99% used [0x00000007b4d00000,0x00000007ba5f9540,0x00000007ba600000)
  to   space 92160K, 0% used [0x00000007ba600000,0x00000007ba600000,0x00000007c0000000)
 ParOldGen       total 321536K, used 310451K [0x0000000740000000, 0x0000000753a00000, 0x0000000795580000)
  object space 321536K, 96% used [0x0000000740000000,0x0000000752f2cd08,0x0000000753a00000)
 Metaspace       used 101919K, capacity 109778K, committed 109992K, reserved 1144832K
  class space    used 12887K, capacity 14189K, committed 14256K, reserved 1048576K
}
Event: 12847.562 GC heap before
{Heap before GC invocations=94 (full 7):
 PSYoungGen      total 606720K, used 91109K [0x0000000795580000, 0x00000007c0000000, 0x00000007c0000000)
  eden space 515584K, 0% used [0x0000000795580000,0x0000000795580000,0x00000007b4d00000)
  from space 91136K, 99% used [0x00000007b4d00000,0x00000007ba5f9540,0x00000007ba600000)
  to   space 92160K, 0% used [0x00000007ba600000,0x00000007ba600000,0x00000007c0000000)
 ParOldGen       total 321536K, used 310451K [0x0000000740000000, 0x0000000753a00000, 0x0000000795580000)
  object space 321536K, 96% used [0x0000000740000000,0x0000000752f2cd08,0x0000000753a00000)
 Metaspace       used 101919K, capacity 109778K, committed 109992K, reserved 1144832K
  class space    used 12887K, capacity 14189K, committed 14256K, reserved 1048576K

